Arguments: 
  /usr/bin/node /sbin/yarn init

PATH: 
  /home/bee/.rbenv/shims:/home/bee/bin:/opt/google-cloud-sdk/bin:/sbin:/bin:/usr/local/sbin:/usr/local/bin:/usr/bin:/usr/bin/env:$HOME/.rbenv/bin:$HOME/bin:$HOME/.local/bin:$HOME/.pub-cache/bin:/opt/android-sdk/tools:/opt/android-sdk/tools/bin:/usr/lib/jvm/default/bin:/usr/bin/site_perl:/usr/bin/vendor_perl:/usr/bin/core_perl:/var/lib/snapd/snap/bin:/sbin:/usr/sbin

Yarn version: 
  1.22.4

Node version: 
  13.13.0

Platform: 
  linux x64

Trace: 
  Error: canceled
      at Interface.<anonymous> (/usr/lib/node_modules/yarn/lib/cli.js:137008:13)
      at Interface.emit (events.js:315:20)
      at Interface._ttyWrite (readline.js:873:16)
      at ReadStream.onkeypress (readline.js:213:10)
      at ReadStream.emit (events.js:315:20)
      at emitKeys (internal/readline/utils.js:335:14)
      at emitKeys.next (<anonymous>)
      at ReadStream.onData (readline.js:1140:36)
      at ReadStream.emit (events.js:315:20)
      at addChunk (_stream_readable.js:297:12)

npm manifest: 
  No manifest

yarn manifest: 
  No manifest

Lockfile: 
  No lockfile
